<?xml version="1.0" encoding="UTF-8"?>
<testsuite name="math.utility.FindPowerTest" tests="5" skipped="0" failures="0" errors="0" timestamp="2023-06-24T08:55:25" hostname="LAPTOP-3ANQ172A" time="0.004">
  <properties/>
  <testcase name="negativesAsExponentShouldThrowException" classname="math.utility.FindPowerTest" time="0.003"/>
  <testcase name="twoRaisedToOneShouldReturnTwo" classname="math.utility.FindPowerTest" time="0.0"/>
  <testcase name="oneRaisedToOneShouldReturnOne" classname="math.utility.FindPowerTest" time="0.001"/>
  <testcase name="threeRaisedToTwoShouldReturnNine" classname="math.utility.FindPowerTest" time="0.0"/>
  <testcase name="twoRaisedToTwoShouldReturnFour" classname="math.utility.FindPowerTest" time="0.0"/>
  <system-out><![CDATA[]]></system-out>
  <system-err><![CDATA[]]></system-err>
</testsuite>
